<?xml version="1.0" encoding="UTF-8"?>
<!-- Generated by org.testng.reporters.JUnitXMLReporter -->
<testsuite hostname="smruti-HP" name="faida" tests="3" failures="0" timestamp="7 May 2015 12:11:27 GMT" time="22.828" errors="0">
  <testcase name="clickPopUpTest" time="0.419" classname="com.auriga.tests.SignInTest"/>
  <testcase name="addSigninDetailsTest" time="2.192" classname="com.auriga.tests.SignInTest"/>
  <testcase name="Test" time="7.785" classname="com.auriga.tests.SignInTest"/>
</testsuite> <!-- faida -->
