<?xml version="1.0" encoding="UTF-8"?>
<testng-results skipped="0" failed="0" total="0" passed="0">
  <reporter-output>
  </reporter-output>
  <suite name="Aurigait.AurigaProject.AppTest" duration-ms="62" started-at="2015-05-08T07:50:03Z" finished-at="2015-05-08T07:50:03Z">
    <groups>
    </groups>
    <test name="Command line test" duration-ms="62" started-at="2015-05-08T07:50:03Z" finished-at="2015-05-08T07:50:03Z">
    </test> <!-- Command line test -->
  </suite> <!-- Aurigait.AurigaProject.AppTest -->
</testng-results>
